<?xml version="1.0" encoding="UTF-8"?>
<!-- Generated by org.testng.reporters.JUnitReportReporter -->
<testsuite skipped="0" hostname="DESKTOP-7H8BUQL" name="com.tbd.test_scripts.SendMail" tests="1" failures="0" timestamp="2021-12-13T17:37:34 IST" time="98.768" errors="0">
  <testcase name="sendMail" time="98.768" classname="com.tbd.test_scripts.SendMail"/>
  <system-out/>
</testsuite> <!-- com.tbd.test_scripts.SendMail -->
