<?xml version="1.0" encoding="UTF-8"?>
<!-- Generated by org.testng.reporters.JUnitReportReporter -->
<testsuite skipped="0" hostname="DESKTOP-7H8BUQL" name="com.tbd.test_scripts.OrderFromWebsite" tests="1" failures="0" timestamp="2021-11-23T17:36:49 IST" time="35.279" errors="0">
  <testcase name="orderFromWebsite" time="35.279" classname="com.tbd.test_scripts.OrderFromWebsite"/>
  <system-out/>
</testsuite> <!-- com.tbd.test_scripts.OrderFromWebsite -->
