<?xml version="1.0" encoding="UTF-8"?>
<!-- Generated by org.testng.reporters.JUnitReportReporter -->
<testsuite skipped="0" hostname="DESKTOP-7H8BUQL" name="Selenium4NewFeatures.Selenium4newfeatures" tests="1" failures="0" timestamp="2021-11-30T18:12:01 IST" time="20.741" errors="0">
  <testcase name="selenium4NewFeatures" time="20.741" classname="Selenium4NewFeatures.Selenium4newfeatures"/>
  <system-out/>
</testsuite> <!-- Selenium4NewFeatures.Selenium4newfeatures -->
