<?xml version="1.0" encoding="UTF-8"?>
<!-- Generated by org.testng.reporters.JUnitReportReporter -->
<testsuite skipped="0" hostname="DESKTOP-7H8BUQL" name="com.tbd.test_scripts.JavaStreamsExample" tests="1" failures="0" timestamp="2021-11-29T19:32:16 IST" time="12.285" errors="0">
  <testcase name="autoSearch" time="12.285" classname="com.tbd.test_scripts.JavaStreamsExample"/>
  <system-out/>
</testsuite> <!-- com.tbd.test_scripts.JavaStreamsExample -->
