<?xml version="1.0" encoding="UTF-8"?>
<!-- Generated by org.testng.reporters.JUnitReportReporter -->
<testsuite skipped="0" hostname="DESKTOP-7H8BUQL" name="com.tbd.test_scripts.FlipkartOrderAndCart" tests="1" failures="0" timestamp="2021-11-25T16:37:50 IST" time="14.156" errors="0">
  <testcase name="flipkartOrder" time="14.156" classname="com.tbd.test_scripts.FlipkartOrderAndCart"/>
  <system-out/>
</testsuite> <!-- com.tbd.test_scripts.FlipkartOrderAndCart -->
