<?xml version="1.0" encoding="UTF-8"?>
<!-- Generated by org.testng.reporters.JUnitReportReporter -->
<testsuite skipped="0" hostname="DESKTOP-7H8BUQL" name="com.tbd.test_scripts.BarcodeReading" tests="1" failures="0" timestamp="2021-11-25T13:55:14 IST" time="33.054" errors="0">
  <testcase name="BarcodeRead" time="33.054" classname="com.tbd.test_scripts.BarcodeReading"/>
  <system-out/>
</testsuite> <!-- com.tbd.test_scripts.BarcodeReading -->
